<?xml version="1.0" encoding="UTF-8"?>
<testng-results ignored="0" total="1" passed="1" failed="0" skipped="0">
  <reporter-output>
  </reporter-output>
  <suite started-at="2021-03-07T17:13:10 IST" name="Default suite" finished-at="2021-03-07T17:13:49 IST" duration-ms="38830">
    <groups>
    </groups>
    <test started-at="2021-03-07T17:13:10 IST" name="Default test" finished-at="2021-03-07T17:13:49 IST" duration-ms="38830">
      <class name="com.inetBanking.testCases.TC_LoginTest_001">
        <test-method is-config="true" signature="setup()[pri:0, instance:com.inetBanking.testCases.TC_LoginTest_001@6631f5ca]" started-at="2021-03-07T17:13:10 IST" name="setup" finished-at="2021-03-07T17:13:27 IST" duration-ms="16750" status="PASS">
          <reporter-output>
          </reporter-output>
        </test-method> <!-- setup -->
        <test-method signature="loginTest()[pri:0, instance:com.inetBanking.testCases.TC_LoginTest_001@6631f5ca]" started-at="2021-03-07T17:13:27 IST" name="loginTest" finished-at="2021-03-07T17:13:46 IST" duration-ms="18205" status="PASS">
          <reporter-output>
          </reporter-output>
        </test-method> <!-- loginTest -->
        <test-method is-config="true" signature="tearDown()[pri:0, instance:com.inetBanking.testCases.TC_LoginTest_001@6631f5ca]" started-at="2021-03-07T17:13:46 IST" name="tearDown" finished-at="2021-03-07T17:13:49 IST" duration-ms="3597" status="PASS">
          <reporter-output>
          </reporter-output>
        </test-method> <!-- tearDown -->
      </class> <!-- com.inetBanking.testCases.TC_LoginTest_001 -->
    </test> <!-- Default test -->
  </suite> <!-- Default suite -->
</testng-results>
